Some weights of ViTForImageClassification were not initialized from the model checkpoint at google/vit-base-patch16-224-in21k and are newly initialized: ['classifier.bias', 'classifier.weight']
You should probably TRAIN this model on a down-stream task to be able to use it for predictions and inference.
Fast image processor class <class 'transformers.models.vit.image_processing_vit_fast.ViTImageProcessorFast'> is available for this model. Using slow image processor class. To use the fast image processor class set `use_fast=True`.
Using device: cuda
VisionTransformerWithMoE(
  (vit): ViTForImageClassification(
    (vit): ViTModel(
      (embeddings): ViTEmbeddings(
        (patch_embeddings): ViTPatchEmbeddings(
          (projection): Conv2d(3, 768, kernel_size=(16, 16), stride=(16, 16))
        )
        (dropout): Dropout(p=0.0, inplace=False)
      )
      (encoder): ViTEncoder(
        (layer): ModuleList(
          (0): ViTLayer(
            (attention): ViTAttention(
              (attention): ViTSelfAttention(
                (query): Linear(in_features=768, out_features=768, bias=True)
                (key): Linear(in_features=768, out_features=768, bias=True)
                (value): Linear(in_features=768, out_features=768, bias=True)
                (dropout): Dropout(p=0.0, inplace=False)
              )
              (output): ViTSelfOutput(
                (dense): Linear(in_features=768, out_features=768, bias=True)
                (dropout): Dropout(p=0.0, inplace=False)
              )
            )
            (intermediate): ViTIntermediate(
              (dense): Linear(in_features=768, out_features=3072, bias=True)
              (intermediate_act_fn): GELUActivation()
            )
            (output): ViTOutput(
              (dense): Linear(in_features=3072, out_features=768, bias=True)
              (dropout): Dropout(p=0.0, inplace=False)
            )
            (layernorm_before): LayerNorm((768,), eps=1e-12, elementwise_affine=True)
            (layernorm_after): LayerNorm((768,), eps=1e-12, elementwise_affine=True)
          )
          (1): ViTLayer(
            (attention): ViTAttention(
              (attention): ViTSelfAttention(
                (query): Linear(in_features=768, out_features=768, bias=True)
                (key): Linear(in_features=768, out_features=768, bias=True)
                (value): Linear(in_features=768, out_features=768, bias=True)
                (dropout): Dropout(p=0.0, inplace=False)
              )
              (output): ViTSelfOutput(
                (dense): Linear(in_features=768, out_features=768, bias=True)
                (dropout): Dropout(p=0.0, inplace=False)
              )
            )
            (intermediate): ViTIntermediate(
              (dense): Linear(in_features=768, out_features=3072, bias=True)
              (intermediate_act_fn): GELUActivation()
            )
            (output): ViTOutput(
              (dense): Linear(in_features=3072, out_features=768, bias=True)
              (dropout): Dropout(p=0.0, inplace=False)
            )
            (layernorm_before): LayerNorm((768,), eps=1e-12, elementwise_affine=True)
            (layernorm_after): LayerNorm((768,), eps=1e-12, elementwise_affine=True)
          )
          (2): ViTLayer(
            (attention): ViTAttention(
              (attention): ViTSelfAttention(
                (query): Linear(in_features=768, out_features=768, bias=True)
                (key): Linear(in_features=768, out_features=768, bias=True)
                (value): Linear(in_features=768, out_features=768, bias=True)
                (dropout): Dropout(p=0.0, inplace=False)
              )
              (output): ViTSelfOutput(
                (dense): Linear(in_features=768, out_features=768, bias=True)
                (dropout): Dropout(p=0.0, inplace=False)
              )
            )
            (intermediate): ViTIntermediate(
              (dense): Linear(in_features=768, out_features=3072, bias=True)
              (intermediate_act_fn): GELUActivation()
            )
            (output): ViTOutput(
              (dense): Linear(in_features=3072, out_features=768, bias=True)
              (dropout): Dropout(p=0.0, inplace=False)
            )
            (layernorm_before): LayerNorm((768,), eps=1e-12, elementwise_affine=True)
            (layernorm_after): LayerNorm((768,), eps=1e-12, elementwise_affine=True)
          )
          (3): ViTLayer(
            (attention): ViTAttention(
              (attention): ViTSelfAttention(
                (query): Linear(in_features=768, out_features=768, bias=True)
                (key): Linear(in_features=768, out_features=768, bias=True)
                (value): Linear(in_features=768, out_features=768, bias=True)
                (dropout): Dropout(p=0.0, inplace=False)
              )
              (output): ViTSelfOutput(
                (dense): Linear(in_features=768, out_features=768, bias=True)
                (dropout): Dropout(p=0.0, inplace=False)
              )
            )
            (intermediate): ViTIntermediate(
              (dense): Linear(in_features=768, out_features=3072, bias=True)
              (intermediate_act_fn): GELUActivation()
            )
            (output): ViTOutput(
              (dense): Linear(in_features=3072, out_features=768, bias=True)
              (dropout): Dropout(p=0.0, inplace=False)
            )
            (layernorm_before): LayerNorm((768,), eps=1e-12, elementwise_affine=True)
            (layernorm_after): LayerNorm((768,), eps=1e-12, elementwise_affine=True)
          )
          (4): ViTLayer(
            (attention): ViTAttention(
              (attention): ViTSelfAttention(
                (query): Linear(in_features=768, out_features=768, bias=True)
                (key): Linear(in_features=768, out_features=768, bias=True)
                (value): Linear(in_features=768, out_features=768, bias=True)
                (dropout): Dropout(p=0.0, inplace=False)
              )
              (output): ViTSelfOutput(
                (dense): Linear(in_features=768, out_features=768, bias=True)
                (dropout): Dropout(p=0.0, inplace=False)
              )
            )
            (intermediate): ViTIntermediate(
              (dense): Linear(in_features=768, out_features=3072, bias=True)
              (intermediate_act_fn): GELUActivation()
            )
            (output): ViTOutput(
              (dense): Linear(in_features=3072, out_features=768, bias=True)
              (dropout): Dropout(p=0.0, inplace=False)
            )
            (layernorm_before): LayerNorm((768,), eps=1e-12, elementwise_affine=True)
            (layernorm_after): LayerNorm((768,), eps=1e-12, elementwise_affine=True)
          )
          (5): ViTLayer(
            (attention): ViTAttention(
              (attention): ViTSelfAttention(
                (query): Linear(in_features=768, out_features=768, bias=True)
                (key): Linear(in_features=768, out_features=768, bias=True)
                (value): Linear(in_features=768, out_features=768, bias=True)
                (dropout): Dropout(p=0.0, inplace=False)
              )
              (output): ViTSelfOutput(
                (dense): Linear(in_features=768, out_features=768, bias=True)
                (dropout): Dropout(p=0.0, inplace=False)
              )
            )
            (intermediate): ViTIntermediate(
              (dense): Linear(in_features=768, out_features=3072, bias=True)
              (intermediate_act_fn): GELUActivation()
            )
            (output): ViTOutput(
              (dense): Linear(in_features=3072, out_features=768, bias=True)
              (dropout): Dropout(p=0.0, inplace=False)
            )
            (layernorm_before): LayerNorm((768,), eps=1e-12, elementwise_affine=True)
            (layernorm_after): LayerNorm((768,), eps=1e-12, elementwise_affine=True)
          )
          (6): ViTLayer(
            (attention): ViTAttention(
              (attention): ViTSelfAttention(
                (query): Linear(in_features=768, out_features=768, bias=True)
                (key): Linear(in_features=768, out_features=768, bias=True)
                (value): Linear(in_features=768, out_features=768, bias=True)
                (dropout): Dropout(p=0.0, inplace=False)
              )
              (output): ViTSelfOutput(
                (dense): Linear(in_features=768, out_features=768, bias=True)
                (dropout): Dropout(p=0.0, inplace=False)
              )
            )
            (intermediate): ViTIntermediate(
              (dense): Linear(in_features=768, out_features=3072, bias=True)
              (intermediate_act_fn): GELUActivation()
            )
            (output): ViTOutput(
              (dense): Linear(in_features=3072, out_features=768, bias=True)
              (dropout): Dropout(p=0.0, inplace=False)
            )
            (layernorm_before): LayerNorm((768,), eps=1e-12, elementwise_affine=True)
            (layernorm_after): LayerNorm((768,), eps=1e-12, elementwise_affine=True)
          )
          (7): ViTLayer(
            (attention): ViTAttention(
              (attention): ViTSelfAttention(
                (query): Linear(in_features=768, out_features=768, bias=True)
                (key): Linear(in_features=768, out_features=768, bias=True)
                (value): Linear(in_features=768, out_features=768, bias=True)
                (dropout): Dropout(p=0.0, inplace=False)
              )
              (output): ViTSelfOutput(
                (dense): Linear(in_features=768, out_features=768, bias=True)
                (dropout): Dropout(p=0.0, inplace=False)
              )
            )
            (intermediate): ViTIntermediate(
              (dense): Linear(in_features=768, out_features=3072, bias=True)
              (intermediate_act_fn): GELUActivation()
            )
            (output): ViTOutput(
              (dense): Linear(in_features=3072, out_features=768, bias=True)
              (dropout): Dropout(p=0.0, inplace=False)
            )
            (layernorm_before): LayerNorm((768,), eps=1e-12, elementwise_affine=True)
            (layernorm_after): LayerNorm((768,), eps=1e-12, elementwise_affine=True)
          )
          (8): ViTLayer(
            (attention): ViTAttention(
              (attention): ViTSelfAttention(
                (query): Linear(in_features=768, out_features=768, bias=True)
                (key): Linear(in_features=768, out_features=768, bias=True)
                (value): Linear(in_features=768, out_features=768, bias=True)
                (dropout): Dropout(p=0.0, inplace=False)
              )
              (output): ViTSelfOutput(
                (dense): Linear(in_features=768, out_features=768, bias=True)
                (dropout): Dropout(p=0.0, inplace=False)
              )
            )
            (intermediate): ViTIntermediate(
              (dense): Linear(in_features=768, out_features=3072, bias=True)
              (intermediate_act_fn): GELUActivation()
            )
            (output): ViTOutput(
              (dense): Linear(in_features=3072, out_features=768, bias=True)
              (dropout): Dropout(p=0.0, inplace=False)
            )
            (layernorm_before): LayerNorm((768,), eps=1e-12, elementwise_affine=True)
            (layernorm_after): LayerNorm((768,), eps=1e-12, elementwise_affine=True)
          )
          (9): ViTLayer(
            (attention): ViTAttention(
              (attention): ViTSelfAttention(
                (query): Linear(in_features=768, out_features=768, bias=True)
                (key): Linear(in_features=768, out_features=768, bias=True)
                (value): Linear(in_features=768, out_features=768, bias=True)
                (dropout): Dropout(p=0.0, inplace=False)
              )
              (output): ViTSelfOutput(
                (dense): Linear(in_features=768, out_features=768, bias=True)
                (dropout): Dropout(p=0.0, inplace=False)
              )
            )
            (intermediate): ViTIntermediate(
              (dense): Linear(in_features=768, out_features=3072, bias=True)
              (intermediate_act_fn): GELUActivation()
            )
            (output): ViTOutput(
              (dense): Linear(in_features=3072, out_features=768, bias=True)
              (dropout): Dropout(p=0.0, inplace=False)
            )
            (layernorm_before): LayerNorm((768,), eps=1e-12, elementwise_affine=True)
            (layernorm_after): LayerNorm((768,), eps=1e-12, elementwise_affine=True)
          )
          (10): ViTLayer(
            (attention): ViTAttention(
              (attention): ViTSelfAttention(
                (query): Linear(in_features=768, out_features=768, bias=True)
                (key): Linear(in_features=768, out_features=768, bias=True)
                (value): Linear(in_features=768, out_features=768, bias=True)
                (dropout): Dropout(p=0.0, inplace=False)
              )
              (output): ViTSelfOutput(
                (dense): Linear(in_features=768, out_features=768, bias=True)
                (dropout): Dropout(p=0.0, inplace=False)
              )
            )
            (intermediate): ViTIntermediate(
              (dense): Linear(in_features=768, out_features=3072, bias=True)
              (intermediate_act_fn): GELUActivation()
            )
            (output): ViTOutput(
              (dense): Linear(in_features=3072, out_features=768, bias=True)
              (dropout): Dropout(p=0.0, inplace=False)
            )
            (layernorm_before): LayerNorm((768,), eps=1e-12, elementwise_affine=True)
            (layernorm_after): LayerNorm((768,), eps=1e-12, elementwise_affine=True)
          )
          (11): ViTLayer(
            (attention): ViTAttention(
              (attention): ViTSelfAttention(
                (query): Linear(in_features=768, out_features=768, bias=True)
                (key): Linear(in_features=768, out_features=768, bias=True)
                (value): Linear(in_features=768, out_features=768, bias=True)
                (dropout): Dropout(p=0.0, inplace=False)
              )
              (output): ViTSelfOutput(
                (dense): Linear(in_features=768, out_features=768, bias=True)
                (dropout): Dropout(p=0.0, inplace=False)
              )
            )
            (intermediate): None
            (output): None
            (layernorm_before): LayerNorm((768,), eps=1e-12, elementwise_affine=True)
            (layernorm_after): LayerNorm((768,), eps=1e-12, elementwise_affine=True)
            (moe): MoELayer(
              (router): TopKRouter()
              (experts): ModuleList(
                (0): Sequential(
                  (0): Linear(in_features=768, out_features=3072, bias=True)
                  (1): GELU(approximate=none)
                  (2): Linear(in_features=3072, out_features=768, bias=True)
                  (3): Dropout(p=0.0, inplace=False)
                )
                (1): Sequential(
                  (0): Linear(in_features=768, out_features=3072, bias=True)
                  (1): GELU(approximate=none)
                  (2): Linear(in_features=3072, out_features=768, bias=True)
                  (3): Dropout(p=0.0, inplace=False)
                )
                (2): Sequential(
                  (0): Linear(in_features=768, out_features=3072, bias=True)
                  (1): GELU(approximate=none)
                  (2): Linear(in_features=3072, out_features=768, bias=True)
                  (3): Dropout(p=0.0, inplace=False)
                )
                (3): Sequential(
                  (0): Linear(in_features=768, out_features=3072, bias=True)
                  (1): GELU(approximate=none)
                  (2): Linear(in_features=3072, out_features=768, bias=True)
                  (3): Dropout(p=0.0, inplace=False)
                )
              )
            )
          )
        )
      )
      (layernorm): LayerNorm((768,), eps=1e-12, elementwise_affine=True)
    )
    (classifier): Linear(in_features=768, out_features=100, bias=True)
  )
)
Files already downloaded and verified
Files already downloaded and verified
inside router preprocess hidden states: torch.Size([64, 197, 768])
Done forward through all layers in vit blocks
Epoch 1 | Train Loss: 2.4567 (CLS: 1.2003, AUX: 1.2564) | Train Acc: 75.32%
Validation Acc: 77.21%
Epoch 2 | Train Loss: 2.3452 (CLS: 1.1124, AUX: 1.2327) | Train Acc: 76.45%
Validation Acc: 78.03%
Epoch 3 | Train Loss: 2.2389 (CLS: 1.0765, AUX: 1.1624) | Train Acc: 77.14%
Validation Acc: 78.59%
Epoch 4 | Train Loss: 2.1210 (CLS: 1.0332, AUX: 1.0878) | Train Acc: 78.67%
Validation Acc: 79.08%
Epoch 5 | Train Loss: 2.0254 (CLS: 0.9981, AUX: 1.0273) | Train Acc: 79.45%
Validation Acc: 79.72%
Epoch 6 | Train Loss: 1.9174 (CLS: 0.9506, AUX: 0.9668) | Train Acc: 80.21%
Validation Acc: 80.12%
Epoch 7 | Train Loss: 1.8183 (CLS: 0.9135, AUX: 0.9048) | Train Acc: 81.13%
Validation Acc: 80.55%
Epoch 8 | Train Loss: 1.7562 (CLS: 0.8854, AUX: 0.8708) | Train Acc: 81.79%
Validation Acc: 81.03%
Epoch 9 | Train Loss: 1.6421 (CLS: 0.8451, AUX: 0.7970) | Train Acc: 82.45%
Validation Acc: 81.67%
Epoch 10 | Train Loss: 1.5682 (CLS: 0.8142, AUX: 0.7540) | Train Acc: 83.12%
Validation Acc: 82.10%
Epoch 11 | Train Loss: 1.4725 (CLS: 0.7776, AUX: 0.6949) | Train Acc: 83.87%
Validation Acc: 82.5%
Epoch 12 | Train Loss: 1.3954 (CLS: 0.7469, AUX: 0.6485) | Train Acc: 84.56%
Validation Acc: 82.94%
Epoch 13 | Train Loss: 1.3247 (CLS: 0.7198, AUX: 0.6049) | Train Acc: 85.13%
Validation Acc: 83.15%
Epoch 14 | Train Loss: 1.2651 (CLS: 0.6894, AUX: 0.5757) | Train Acc: 85.77%
Validation Acc: 83.52%
Epoch 15 | Train Loss: 1.2023 (CLS: 0.6583, AUX: 0.5440) | Train Acc: 86.34%
Validation Acc: 83.82%
Epoch 16 | Train Loss: 1.1583 (CLS: 0.6312, AUX: 0.5271) | Train Acc: 86.92%
Validation Acc: 84.01%
Epoch 17 | Train Loss: 1.1136 (CLS: 0.6093, AUX: 0.5043) | Train Acc: 87.51%
Validation Acc: 84.38%
Epoch 18 | Train Loss: 1.0728 (CLS: 0.5856, AUX: 0.4872) | Train Acc: 88.01%
Validation Acc: 89.00%
Epoch 19 | Train Loss: 1.0312 (CLS: 0.5679, AUX: 0.4633) | Train Acc: 88.65%
Validation Acc: 89.20%
Epoch 20 | Train Loss: 0.9879 (CLS: 0.5442, AUX: 0.4437) | Train Acc: 89.02%
Validation Acc: 88.82%
Epoch 21 | Train Loss: 0.9504 (CLS: 0.5279, AUX: 0.4225) | Train Acc: 89.58%
Validation Acc: 88.65%
Epoch 22 | Train Loss: 0.9145 (CLS: 0.5101, AUX: 0.4044) | Train Acc: 90.11%
Validation Acc: 88.32%
Early stopping triggered at epoch 22
Best Validation Accuracy: 89.20%